$ next build --webpack
   Γû▓ Next.js 16.0.10 (webpack)
   - Environments: .env.local

   Creating an optimized production build ...
 Γ£ô (pwa) Compiling for server...
 Γ£ô (pwa) Compiling for server...
 Γ£ô (pwa) Compiling for client (static)...
 Γùï (pwa) Service worker: E:\projects\english-mastery\public\sw.js
 Γùï (pwa)   URL: /sw.js
 Γùï (pwa)   Scope: /
 Γ£ô Compiled successfully in 5.3s
   Running TypeScript ...
Failed to compile.

./tailwind.config.ts:4:5
Type error: Type '["class"]' is not assignable to type 'DarkModeStrategy | undefined'.
  Type '["class"]' is not assignable to type '["class", string]'.
    Source has 1 element(s) but target requires 2.

  2 |
  3 | const config: Config = {
> 4 |     darkMode: ["class"],
    |     ^
  5 |     content: [
  6 |     "./pages/**/*.{js,ts,jsx,tsx,mdx}",
  7 |     "./components/**/*.{js,ts,jsx,tsx,mdx}",
Next.js build worker exited with code: 1 and signal: null
error: script "build" exited with code 1
