$ next build --webpack
   Γû▓ Next.js 16.0.10 (webpack)
   - Environments: .env.local

   Creating an optimized production build ...
 Γ£ô (pwa) Compiling for server...
 Γ£ô (pwa) Compiling for server...
 Γ£ô (pwa) Compiling for client (static)...
 Γùï (pwa) Service worker: E:\projects\english-mastery\public\sw.js
 Γùï (pwa)   URL: /sw.js
 Γùï (pwa)   Scope: /
 Γ£ô Compiled successfully in 5.2s
   Running TypeScript ...
   Collecting page data using 11 workers ...
   Generating static pages using 11 workers (0/15) ...
   Generating static pages using 11 workers (3/15) 
   Generating static pages using 11 workers (7/15) 
   Generating static pages using 11 workers (11/15) 
 Γ£ô Generating static pages using 11 workers (15/15) in 968.7ms
   Finalizing page optimization ...
   Collecting build traces ...

Route (app)
Γöî Γùï /
Γö£ Γùï /_not-found
Γö£ Γùï /auth
Γö£ Γùï /learn
Γö£ ╞Æ /learn/word/[id]
Γö£ Γùï /manifest.webmanifest
Γö£ Γùï /profile
Γö£ Γùï /settings
Γö£ Γùï /stats
Γö£ Γùï /study
Γö£ Γùï /test
Γö£ Γùï /test/history
Γö£ Γùï /test/ongoing
Γöö Γùï /test/result


Γùï  (Static)   prerendered as static content
╞Æ  (Dynamic)  server-rendered on demand

